*******************************************************
CONFIG: Seeds = 3
CONFIG: houses = 6
CONFIG: TimeLimit = 30
CONFIG: Display Board = true
CONFIG: Time Delay = 5
*******************************************************
Please enter your player number (1 or 2): Address: 10.20.19.60
Waiting for connection.....
Connection successful
Starting Game
   0   3   3   3   3   3   3   0
   0   3   3   3   3   3   3   0


************ Examining move: 1 *******
move: 1 search depth: 2myTurn : true
   0   3   3   3   3   3   3   0
   0   0   4   4   4   3   3   0

move: 2 search depth: 1myTurn : false
   0   3   3   3   3   3   3   0
   0   0   0   5   5   4   4   0

move: 3 search depth: 0myTurn : true
   0   4   4   5   5   0   0   0
   0   3   3   0   4   4   4   0

move: 4 search depth: 0myTurn : true
   0   4   4   5   5   0   0   0
   0   3   3   3   0   4   4   1

move: 5 search depth: 0myTurn : true
   0   4   4   5   5   0   1   0
   0   3   3   3   3   0   4   1

move: 6 search depth: 0myTurn : true
   0   4   4   5   5   1   1   0
   0   3   3   3   3   3   0   1

move: 3 search depth: 1myTurn : false
   0   3   3   3   3   3   3   0
   0   0   4   0   5   4   4   1

move: 2 search depth: 0myTurn : false
   1   4   4   5   0   4   0   0
   0   3   0   4   4   4   3   0

move: 4 search depth: 0myTurn : false
   1   4   4   5   0   4   0   0
   0   3   3   3   0   4   4   1

move: 5 search depth: 0myTurn : false
   1   4   4   5   0   4   1   0
   0   3   3   3   3   0   4   1

move: 6 search depth: 0myTurn : false
   1   4   4   5   0   5   1   0
   0   3   3   3   3   3   0   1

move: 4 search depth: 1myTurn : false
   0   3   3   3   3   3   4   0
   0   0   4   4   0   4   4   1

move: 2 search depth: 0myTurn : true
   1   4   4   0   4   4   0   0
   0   4   0   4   4   4   3   0

move: 3 search depth: 0myTurn : true
   1   4   4   0   4   4   0   0
   0   4   3   0   4   4   4   0

move: 5 search depth: 0myTurn : true
   1   4   4   0   4   4   1   0
   0   4   3   3   3   0   4   1

move: 6 search depth: 0myTurn : true
   1   4   4   0   4   5   1   0
   0   4   3   3   3   3   0   1

move: 5 search depth: 1myTurn : false
   0   3   3   3   3   3   4   0
   0   0   4   4   4   0   4   1

move: 2 search depth: 0myTurn : true
   1   4   0   4   4   4   0   0
   0   4   0   4   4   4   3   0

move: 3 search depth: 0myTurn : true
   1   4   0   4   4   4   0   0
   0   4   3   0   4   4   4   0

move: 4 search depth: 0myTurn : true
   1   4   0   4   4   4   0   0
   0   4   3   3   0   4   4   1

move: 6 search depth: 0myTurn : true
   1   4   0   4   4   5   1   0
   0   4   3   3   3   3   0   1

move: 6 search depth: 1myTurn : false
   0   3   3   3   3   4   4   0
   0   0   4   4   4   3   0   1

move: 2 search depth: 0myTurn : true
   1   0   3   4   4   4   0   0
   0   4   0   4   4   4   4   0

move: 3 search depth: 0myTurn : true
   1   0   3   4   4   4   0   0
   0   4   4   0   4   4   4   0

move: 4 search depth: 0myTurn : true
   1   0   3   4   4   4   0   0
   0   4   4   3   0   4   4   1

move: 5 search depth: 0myTurn : true
   1   0   3   4   4   4   1   0
   0   4   4   3   3   0   4   1

Free move heuristic: 0
**** Total heuristic : 0 *******

************ Examining move: 2 *******
move: 2 search depth: 2myTurn : true
   0   3   3   3   3   3   3   0
   0   3   0   4   4   4   3   0

move: 1 search depth: 1myTurn : false
   0   3   3   3   3   3   3   0
   0   0   1   5   5   4   3   0

move: 2 search depth: 0myTurn : true
   0   3   4   5   5   1   0   0
   0   3   0   4   4   4   3   0

move: 3 search depth: 0myTurn : true
   0   3   4   5   5   1   0   0
   0   3   3   0   4   4   4   0

move: 4 search depth: 0myTurn : true
   0   3   4   5   5   1   0   0
   0   3   3   3   0   4   4   1

move: 5 search depth: 0myTurn : true
   0   3   4   5   5   1   1   0
   0   3   3   3   3   0   4   1

move: 6 search depth: 0myTurn : true
   0   3   4   5   5   2   1   0
   0   3   3   3   3   3   0   1

move: 3 search depth: 1myTurn : false
   0   3   3   3   3   3   3   0
   0   3   0   0   5   5   4   1

move: 1 search depth: 0myTurn : false
   1   4   5   5   0   0   3   0
   0   0   4   4   4   3   3   0

move: 4 search depth: 0myTurn : false
   1   4   5   5   0   0   3   0
   0   3   3   3   0   4   4   1

move: 5 search depth: 0myTurn : false
   1   4   5   5   0   0   4   0
   0   3   3   3   3   0   4   1

move: 6 search depth: 0myTurn : false
   1   4   5   5   0   1   4   0
   0   3   3   3   3   3   0   1

move: 4 search depth: 1myTurn : false
   0   3   3   3   3   3   4   0
   0   3   0   4   0   5   4   1

move: 1 search depth: 0myTurn : true
   1   4   5   0   4   0   3   0
   0   0   4   4   4   4   3   0

move: 3 search depth: 0myTurn : true
   1   4   5   0   4   0   3   0
   0   4   3   0   4   4   4   0

move: 5 search depth: 0myTurn : true
   1   4   5   0   4   0   4   0
   0   4   3   3   3   0   4   1

move: 6 search depth: 0myTurn : true
   1   4   5   0   4   1   4   0
   0   4   3   3   3   3   0   1

move: 5 search depth: 1myTurn : false
   0   3   3   3   3   4   4   0
   0   3   0   4   4   0   4   1

move: 1 search depth: 0myTurn : true
   1   4   0   4   4   0   3   0
   0   0   5   4   4   4   3   0

move: 3 search depth: 0myTurn : true
   1   4   0   4   4   0   3   0
   0   4   4   0   4   4   4   0

move: 4 search depth: 0myTurn : true
   1   4   0   4   4   0   3   0
   0   4   4   3   0   4   4   1

move: 6 search depth: 0myTurn : true
   1   4   0   4   4   1   4   0
   0   4   4   3   3   3   0   1

move: 6 search depth: 1myTurn : false
   0   3   3   3   3   4   4   0
   0   3   0   4   4   4   0   1

move: 1 search depth: 0myTurn : true
   1   0   4   4   4   0   3   0
   0   0   5   4   4   4   3   0

move: 3 search depth: 0myTurn : true
   1   0   4   4   4   0   3   0
   0   4   4   0   4   4   4   0

move: 4 search depth: 0myTurn : true
   1   0   4   4   4   0   3   0
   0   4   4   3   0   4   4   1

move: 5 search depth: 0myTurn : true
   1   0   4   4   4   0   4   0
   0   4   4   3   3   0   4   1

Free move heuristic: 0
**** Total heuristic : 0 *******

************ Examining move: 3 *******
move: 3 search depth: 2myTurn : true
   0   3   3   3   3   3   3   0
   0   3   3   0   4   4   4   0

move: 1 search depth: 1myTurn : false
   0   3   3   3   3   3   3   0
   0   0   4   1   5   4   4   0

move: 2 search depth: 0myTurn : true
   0   4   4   5   1   4   0   0
   0   3   0   4   4   4   3   0

move: 3 search depth: 0myTurn : true
   0   4   4   5   1   4   0   0
   0   3   3   0   4   4   4   0

move: 4 search depth: 0myTurn : true
   0   4   4   5   1   4   0   0
   0   3   3   3   0   4   4   1

move: 5 search depth: 0myTurn : true
   0   4   4   5   1   4   1   0
   0   3   3   3   3   0   4   1

move: 6 search depth: 0myTurn : true
   0   4   4   5   1   5   1   0
   0   3   3   3   3   3   0   1

move: 2 search depth: 1myTurn : false
   0   3   3   3   3   3   3   0
   0   3   0   1   5   5   4   0

move: 1 search depth: 0myTurn : true
   0   4   5   5   1   0   3   0
   0   0   4   4   4   3   3   0

move: 3 search depth: 0myTurn : true
   0   4   5   5   1   0   3   0
   0   3   3   0   4   4   4   0

move: 4 search depth: 0myTurn : true
   0   4   5   5   1   0   3   0
   0   3   3   3   0   4   4   1

move: 5 search depth: 0myTurn : true
   0   4   5   5   1   0   4   0
   0   3   3   3   3   0   4   1

move: 6 search depth: 0myTurn : true
   0   4   5   5   1   1   4   0
   0   3   3   3   3   3   0   1

move: 4 search depth: 1myTurn : false
   0   3   3   3   3   3   4   0
   0   3   3   0   0   5   5   1

move: 1 search depth: 0myTurn : true
   1   5   5   0   0   3   3   0
   0   0   4   4   4   4   3   0

move: 2 search depth: 0myTurn : true
   1   5   5   0   0   3   3   0
   0   4   0   4   4   4   3   0

move: 5 search depth: 0myTurn : true
   1   5   5   0   0   3   4   0
   0   4   3   3   3   0   4   1

move: 6 search depth: 0myTurn : true
   1   5   5   0   0   4   4   0
   0   4   3   3   3   3   0   1

move: 5 search depth: 1myTurn : false
   0   3   3   3   3   4   4   0
   0   3   3   0   4   0   5   1

move: 1 search depth: 0myTurn : true
   1   5   0   4   0   3   3   0
   0   0   5   4   4   4   3   0

move: 2 search depth: 0myTurn : true
   1   5   0   4   0   3   3   0
   0   4   0   4   4   4   4   0

move: 4 search depth: 0myTurn : true
   1   5   0   4   0   3   3   0
   0   4   4   3   0   4   4   1

move: 6 search depth: 0myTurn : true
   1   5   0   4   0   4   4   0
   0   4   4   3   3   3   0   1

move: 6 search depth: 1myTurn : false
   0   3   3   3   4   4   4   0
   0   3   3   0   4   4   0   1

move: 1 search depth: 0myTurn : true
   1   0   4   4   0   3   3   0
   0   0   5   5   4   4   3   0

move: 2 search depth: 0myTurn : true
   1   0   4   4   0   3   3   0
   0   4   0   5   4   4   4   0

move: 4 search depth: 0myTurn : true
   1   0   4   4   0   3   3   0
   0   4   4   4   0   4   4   1

move: 5 search depth: 0myTurn : true
   1   0   4   4   0   3   4   0
   0   4   4   4   3   0   4   1

Free move heuristic: 0
**** Total heuristic : 0 *******

************ Examining move: 4 *******
move: 4 search depth: 2myTurn : true
   0   3   3   3   3   3   3   0
   0   3   3   3   0   4   4   1

move: 1 search depth: 1myTurn : true
   0   3   3   3   0   3   3   0
   0   0   4   4   0   4   4   5

move: 2 search depth: 0myTurn : false
   0   3   3   3   0   3   3   0
   0   0   0   5   1   5   5   5

move: 3 search depth: 0myTurn : false
   0   3   3   3   0   3   3   0
   0   0   4   0   1   5   5   6

move: 5 search depth: 0myTurn : true
   0   3   3   3   0   4   4   0
   0   0   4   4   0   0   5   6

move: 6 search depth: 0myTurn : false
   0   3   3   3   1   4   4   0
   0   0   4   4   0   4   0   6

move: 2 search depth: 1myTurn : false
   0   3   3   3   3   3   3   0
   0   3   0   4   1   5   4   1

move: 1 search depth: 0myTurn : true
   1   4   5   1   4   0   3   0
   0   0   4   4   4   3   3   0

move: 3 search depth: 0myTurn : true
   1   4   5   1   4   0   3   0
   0   3   3   0   4   4   4   0

move: 4 search depth: 0myTurn : true
   1   4   5   1   4   0   3   0
   0   3   3   3   0   4   4   1

move: 5 search depth: 0myTurn : true
   1   4   5   1   4   0   4   0
   0   3   3   3   3   0   4   1

move: 6 search depth: 0myTurn : true
   1   4   5   1   4   1   4   0
   0   3   3   3   3   3   0   1

move: 3 search depth: 1myTurn : false
   0   3   3   3   3   3   3   0
   0   3   3   0   1   5   5   1

move: 1 search depth: 0myTurn : true
   1   5   5   1   0   3   3   0
   0   0   4   4   4   3   3   0

move: 2 search depth: 0myTurn : true
   1   5   5   1   0   3   3   0
   0   3   0   4   4   4   3   0

move: 4 search depth: 0myTurn : true
   1   5   5   1   0   3   3   0
   0   3   3   3   0   4   4   1

move: 5 search depth: 0myTurn : true
   1   5   5   1   0   3   4   0
   0   3   3   3   3   0   4   1

move: 6 search depth: 0myTurn : true
   1   5   5   1   0   4   4   0
   0   3   3   3   3   3   0   1

move: 5 search depth: 1myTurn : false
   0   3   3   3   3   4   4   0
   0   3   3   3   0   0   5   2

move: 1 search depth: 0myTurn : true
   2   5   0   0   3   3   3   0
   0   0   5   4   4   4   3   0

move: 2 search depth: 0myTurn : true
   2   5   0   0   3   3   3   0
   0   4   0   4   4   4   4   0

move: 3 search depth: 0myTurn : true
   2   5   0   0   3   3   3   0
   0   4   4   0   4   4   4   0

move: 6 search depth: 0myTurn : true
   2   5   0   0   3   4   4   0
   0   4   4   3   3   3   0   1

move: 6 search depth: 1myTurn : false
   0   3   3   3   4   4   4   0
   0   3   3   3   0   4   0   2

move: 1 search depth: 0myTurn : true
   2   0   4   0   3   3   3   0
   0   0   5   5   4   4   3   0

move: 2 search depth: 0myTurn : true
   2   0   4   0   3   3   3   0
   0   4   0   5   4   4   4   0

move: 3 search depth: 0myTurn : true
   2   0   4   0   3   3   3   0
   0   4   4   0   4   4   4   1

move: 5 search depth: 0myTurn : true
   2   0   4   0   3   3   4   0
   0   4   4   4   3   0   4   1

Free move heuristic: 5
**** Total heuristic : 5 *******

************ Examining move: 5 *******
move: 5 search depth: 2myTurn : true
   0   3   3   3   3   3   4   0
   0   3   3   3   3   0   4   1

move: 1 search depth: 1myTurn : false
   0   3   3   3   3   3   4   0
   0   0   4   4   4   0   4   1

move: 2 search depth: 0myTurn : true
   1   4   0   4   4   4   0   0
   0   4   0   4   4   4   3   0

move: 3 search depth: 0myTurn : true
   1   4   0   4   4   4   0   0
   0   4   3   0   4   4   4   0

move: 4 search depth: 0myTurn : true
   1   4   0   4   4   4   0   0
   0   4   3   3   0   4   4   1

move: 6 search depth: 0myTurn : true
   1   4   0   4   4   5   1   0
   0   4   3   3   3   3   0   1

move: 2 search depth: 1myTurn : false
   0   3   3   3   3   0   4   0
   0   3   0   4   4   0   4   5

move: 1 search depth: 0myTurn : true
   5   4   0   4   4   0   3   0
   0   0   1   4   4   4   3   0

move: 3 search depth: 0myTurn : true
   5   4   0   4   4   0   3   0
   0   4   0   0   4   4   4   0

move: 4 search depth: 0myTurn : true
   5   4   0   4   4   0   3   0
   0   4   0   3   0   4   4   1

move: 6 search depth: 0myTurn : true
   5   4   0   4   4   1   4   0
   0   4   0   3   3   3   0   1

move: 3 search depth: 1myTurn : false
   0   3   3   3   3   3   4   0
   0   3   3   0   4   1   5   1

move: 1 search depth: 0myTurn : true
   1   5   1   4   0   3   3   0
   0   0   4   4   4   4   3   0

move: 2 search depth: 0myTurn : true
   1   5   1   4   0   3   3   0
   0   4   0   4   4   4   3   0

move: 4 search depth: 0myTurn : true
   1   5   1   4   0   3   3   0
   0   4   3   3   0   4   4   1

move: 5 search depth: 0myTurn : true
   1   5   1   4   0   3   4   0
   0   4   3   3   3   0   4   1

move: 6 search depth: 0myTurn : true
   1   5   1   4   0   4   4   0
   0   4   3   3   3   3   0   1

move: 4 search depth: 1myTurn : false
   0   3   3   3   3   3   4   0
   0   3   3   3   0   1   5   2

move: 1 search depth: 0myTurn : false
   2   5   1   0   3   3   3   0
   0   0   4   4   4   4   3   0

move: 2 search depth: 0myTurn : false
   2   5   1   0   3   3   3   0
   0   4   0   4   4   4   3   0

move: 3 search depth: 0myTurn : false
   2   5   1   0   3   3   3   0
   0   4   3   0   4   4   4   0

move: 5 search depth: 0myTurn : false
   2   5   1   0   3   3   4   0
   0   4   3   3   3   0   4   1

move: 6 search depth: 0myTurn : false
   2   5   1   0   3   4   4   0
   0   4   3   3   3   3   0   1

move: 6 search depth: 1myTurn : false
   0   3   3   3   4   4   5   0
   0   3   3   3   3   0   0   2

move: 1 search depth: 0myTurn : true
   2   0   0   3   3   3   3   0
   0   0   5   5   4   4   4   0

move: 2 search depth: 0myTurn : true
   2   0   0   3   3   3   3   0
   0   5   0   5   4   4   4   0

move: 3 search depth: 0myTurn : true
   2   0   0   3   3   3   3   0
   0   5   4   0   4   4   4   1

move: 4 search depth: 0myTurn : true
   2   0   0   3   3   3   3   0
   0   5   4   4   0   4   4   1

Free move heuristic: 0
**** Total heuristic : 0 *******

************ Examining move: 6 *******
move: 6 search depth: 2myTurn : true
   0   3   3   3   3   4   4   0
   0   3   3   3   3   3   0   1

move: 1 search depth: 1myTurn : false
   0   3   3   3   3   4   4   0
   0   0   4   4   4   3   0   1

move: 2 search depth: 0myTurn : true
   1   0   3   4   4   4   0   0
   0   4   0   4   4   4   4   0

move: 3 search depth: 0myTurn : true
   1   0   3   4   4   4   0   0
   0   4   4   0   4   4   4   0

move: 4 search depth: 0myTurn : true
   1   0   3   4   4   4   0   0
   0   4   4   3   0   4   4   1

move: 5 search depth: 0myTurn : true
   1   0   3   4   4   4   1   0
   0   4   4   3   3   0   4   1

move: 2 search depth: 1myTurn : false
   0   3   3   3   3   4   4   0
   0   3   0   4   4   4   0   1

move: 1 search depth: 0myTurn : true
   1   0   4   4   4   0   3   0
   0   0   5   4   4   4   3   0

move: 3 search depth: 0myTurn : true
   1   0   4   4   4   0   3   0
   0   4   4   0   4   4   4   0

move: 4 search depth: 0myTurn : true
   1   0   4   4   4   0   3   0
   0   4   4   3   0   4   4   1

move: 5 search depth: 0myTurn : true
   1   0   4   4   4   0   4   0
   0   4   4   3   3   0   4   1

move: 3 search depth: 1myTurn : false
   0   3   3   3   3   4   0   0
   0   3   3   0   4   4   0   6

move: 1 search depth: 0myTurn : true
   6   0   4   4   0   3   3   0
   0   0   4   3   3   3   3   0

move: 2 search depth: 0myTurn : true
   6   0   4   4   0   3   3   0
   0   0   0   4   4   4   4   0

move: 4 search depth: 0myTurn : true
   6   0   4   4   0   3   3   0
   0   0   4   3   0   4   4   1

move: 5 search depth: 0myTurn : true
   6   0   4   4   0   3   4   0
   0   0   4   3   3   0   4   1

move: 4 search depth: 1myTurn : false
   0   3   3   3   3   4   4   0
   0   3   3   3   0   4   1   2

move: 1 search depth: 0myTurn : false
   2   1   4   0   3   3   3   0
   0   0   5   4   4   4   3   0

move: 2 search depth: 0myTurn : false
   2   1   4   0   3   3   3   0
   0   4   0   4   4   4   4   0

move: 3 search depth: 0myTurn : false
   2   1   4   0   3   3   3   0
   0   4   4   0   4   4   4   0

move: 5 search depth: 0myTurn : false
   2   1   4   0   3   3   4   0
   0   4   4   3   3   0   4   1

move: 6 search depth: 0myTurn : false
   2   1   4   0   3   4   4   0
   0   4   4   3   3   3   0   1

move: 5 search depth: 1myTurn : false
   0   3   3   3   3   4   5   0
   0   3   3   3   3   0   1   2

move: 1 search depth: 0myTurn : true
   2   1   0   3   3   3   3   0
   0   0   5   4   4   4   4   0

move: 2 search depth: 0myTurn : true
   2   1   0   3   3   3   3   0
   0   5   0   4   4   4   4   0

move: 3 search depth: 0myTurn : true
   2   1   0   3   3   3   3   0
   0   5   4   0   4   4   4   0

move: 4 search depth: 0myTurn : true
   2   1   0   3   3   3   3   0
   0   5   4   3   0   4   4   1

move: 6 search depth: 0myTurn : true
   2   1   0   3   3   4   4   0
   0   5   4   3   3   3   0   1

Free move heuristic: 0
**** Total heuristic : 0 *******
You moved: 4
Board before:
   0   3   3   3   3   3   3   0
   0   3   3   3   3   3   3   0

Playing move: 4
   0   3   3   3   3   3   3   0
   0   3   3   3   0   4   4   1

You moved: 4
   0   3   3   3   3   3   3   0
   0   3   3   3   0   4   4   1


************ Examining move: 1 *******
move: 1 search depth: 2myTurn : true
   0   3   3   3   0   3   3   0
   0   0   4   4   0   4   4   5

move: 2 search depth: 1myTurn : false
   0   3   3   3   0   3   3   0
   0   0   0   5   1   5   5   5

move: 3 search depth: 0myTurn : true
   5   5   5   1   5   0   0   0
   0   3   3   0   3   3   3   0

move: 4 search depth: 0myTurn : true
   5   5   5   1   5   0   0   0
   0   3   3   0   0   4   4   1

move: 5 search depth: 0myTurn : true
   5   5   5   1   5   0   1   0
   0   3   3   0   3   0   4   1

move: 6 search depth: 0myTurn : true
   5   5   5   1   5   1   1   0
   0   3   3   0   3   3   0   1

move: 3 search depth: 1myTurn : false
   0   3   3   3   0   3   3   0
   0   0   4   0   1   5   5   6

move: 2 search depth: 0myTurn : false
   6   5   5   1   0   4   0   0
   0   3   0   1   4   4   3   0

move: 4 search depth: 0myTurn : false
   6   5   5   1   0   4   0   0
   0   3   3   0   0   4   4   1

move: 5 search depth: 0myTurn : false
   6   5   5   1   0   4   1   0
   0   3   3   0   3   0   4   1

move: 6 search depth: 0myTurn : false
   6   5   5   1   0   5   1   0
   0   3   3   0   3   3   0   1

move: 5 search depth: 1myTurn : false
   0   3   3   3   0   4   4   0
   0   0   4   4   0   0   5   6

move: 2 search depth: 0myTurn : true
   6   5   0   0   4   4   0   0
   0   4   0   1   4   4   4   0

move: 3 search depth: 0myTurn : true
   6   5   0   0   4   4   0   0
   0   4   4   0   3   3   3   0

move: 6 search depth: 0myTurn : true
   6   5   0   0   4   5   1   0
   0   4   4   0   3   3   0   1

move: 6 search depth: 1myTurn : false
   0   3   3   3   1   4   4   0
   0   0   4   4   0   4   0   6

move: 2 search depth: 0myTurn : true
   6   0   4   0   4   4   0   0
   0   4   0   2   4   4   4   0

move: 3 search depth: 0myTurn : true
   6   0   4   0   4   4   0   0
   0   4   4   0   4   3   3   0

move: 5 search depth: 0myTurn : true
   6   0   4   0   4   4   1   0
   0   4   4   1   3   0   4   1

Free move heuristic: 0
**** Total heuristic : 0 *******

************ Examining move: 2 *******
move: 2 search depth: 2myTurn : true
   0   3   3   3   3   3   3   0
   0   3   0   4   1   5   4   1

move: 1 search depth: 1myTurn : false
   0   3   3   3   3   3   3   0
   0   0   1   5   2   5   4   1

move: 2 search depth: 0myTurn : true
   1   4   5   2   5   1   0   0
   0   3   0   4   4   4   3   0

move: 3 search depth: 0myTurn : true
   1   4   5   2   5   1   0   0
   0   3   3   0   4   4   4   0

move: 4 search depth: 0myTurn : true
   1   4   5   2   5   1   0   0
   0   3   3   3   0   4   4   1

move: 5 search depth: 0myTurn : true
   1   4   5   2   5   1   1   0
   0   3   3   3   3   0   4   1

move: 6 search depth: 0myTurn : true
   1   4   5   2   5   2   1   0
   0   3   3   3   3   3   0   1

move: 3 search depth: 1myTurn : false
   0   3   3   3   3   3   3   0
   0   3   0   0   2   6   5   2

move: 1 search depth: 0myTurn : false
   2   5   6   2   0   0   3   0
   0   0   4   4   4   3   3   0

move: 4 search depth: 0myTurn : false
   2   5   6   2   0   0   3   0
   0   3   3   3   0   4   4   1

move: 5 search depth: 0myTurn : false
   2   5   6   2   0   0   4   0
   0   3   3   3   3   0   4   1

move: 6 search depth: 0myTurn : false
   2   5   6   2   0   1   4   0
   0   3   3   3   3   3   0   1

move: 4 search depth: 1myTurn : false
   0   3   3   3   3   3   3   0
   0   3   0   4   0   6   4   1

move: 1 search depth: 0myTurn : true
   1   4   6   0   4   0   3   0
   0   0   4   4   4   3   3   0

move: 3 search depth: 0myTurn : true
   1   4   6   0   4   0   3   0
   0   3   3   0   4   4   4   0

move: 5 search depth: 0myTurn : true
   1   4   6   0   4   0   4   0
   0   3   3   3   3   0   4   1

move: 6 search depth: 0myTurn : true
   1   4   6   0   4   1   4   0
   0   3   3   3   3   3   0   1

move: 5 search depth: 1myTurn : false
   0   3   3   3   4   4   4   0
   0   3   0   4   1   0   5   2

move: 1 search depth: 0myTurn : true
   2   5   0   1   4   0   3   0
   0   0   5   5   4   4   3   0

move: 3 search depth: 0myTurn : true
   2   5   0   1   4   0   3   0
   0   4   4   0   4   4   4   1

move: 4 search depth: 0myTurn : true
   2   5   0   1   4   0   3   0
   0   4   4   4   0   4   4   1

move: 6 search depth: 0myTurn : true
   2   5   0   1   4   1   4   0
   0   4   4   4   3   3   0   1

move: 6 search depth: 1myTurn : false
   0   3   3   3   4   4   4   0
   0   3   0   4   1   5   0   2

move: 1 search depth: 0myTurn : true
   2   0   5   1   4   0   3   0
   0   0   5   5   4   4   3   0

move: 3 search depth: 0myTurn : true
   2   0   5   1   4   0   3   0
   0   4   4   0   4   4   4   1

move: 4 search depth: 0myTurn : true
   2   0   5   1   4   0   3   0
   0   4   4   4   0   4   4   1

move: 5 search depth: 0myTurn : true
   2   0   5   1   4   0   4   0
   0   4   4   4   3   0   4   1

Free move heuristic: 0
**** Total heuristic : 0 *******

************ Examining move: 3 *******
move: 3 search depth: 2myTurn : true
   0   3   3   3   3   3   3   0
   0   3   3   0   1   5   5   1

move: 1 search depth: 1myTurn : false
   0   3   3   3   3   3   3   0
   0   0   4   1   2   5   5   1

move: 2 search depth: 0myTurn : true
   1   5   5   2   1   4   0   0
   0   3   0   4   4   4   3   0

move: 3 search depth: 0myTurn : true
   1   5   5   2   1   4   0   0
   0   3   3   0   4   4   4   0

move: 4 search depth: 0myTurn : true
   1   5   5   2   1   4   0   0
   0   3   3   3   0   4   4   1

move: 5 search depth: 0myTurn : true
   1   5   5   2   1   4   1   0
   0   3   3   3   3   0   4   1

move: 6 search depth: 0myTurn : true
   1   5   5   2   1   5   1   0
   0   3   3   3   3   3   0   1

move: 2 search depth: 1myTurn : false
   0   3   3   3   3   3   3   0
   0   3   0   1   2   6   5   1

move: 1 search depth: 0myTurn : true
   1   5   6   2   1   0   3   0
   0   0   4   4   4   3   3   0

move: 3 search depth: 0myTurn : true
   1   5   6   2   1   0   3   0
   0   3   3   0   4   4   4   0

move: 4 search depth: 0myTurn : true
   1   5   6   2   1   0   3   0
   0   3   3   3   0   4   4   1

move: 5 search depth: 0myTurn : true
   1   5   6   2   1   0   4   0
   0   3   3   3   3   0   4   1

move: 6 search depth: 0myTurn : true
   1   5   6   2   1   1   4   0
   0   3   3   3   3   3   0   1

move: 4 search depth: 1myTurn : false
   0   3   3   3   3   3   3   0
   0   3   3   0   0   6   5   1

move: 1 search depth: 0myTurn : true
   1   5   6   0   0   3   3   0
   0   0   4   4   4   3   3   0

move: 2 search depth: 0myTurn : true
   1   5   6   0   0   3   3   0
   0   3   0   4   4   4   3   0

move: 5 search depth: 0myTurn : true
   1   5   6   0   0   3   4   0
   0   3   3   3   3   0   4   1

move: 6 search depth: 0myTurn : true
   1   5   6   0   0   4   4   0
   0   3   3   3   3   3   0   1

move: 5 search depth: 1myTurn : false
   0   3   3   3   4   4   4   0
   0   3   3   0   1   0   6   2

move: 1 search depth: 0myTurn : true
   2   6   0   1   0   3   3   0
   0   0   5   5   4   4   3   0

move: 2 search depth: 0myTurn : true
   2   6   0   1   0   3   3   0
   0   4   0   5   4   4   4   0

move: 4 search depth: 0myTurn : true
   2   6   0   1   0   3   3   0
   0   4   4   4   0   4   4   1

move: 6 search depth: 0myTurn : true
   2   6   0   1   0   4   4   0
   0   4   4   4   3   3   0   1

move: 6 search depth: 1myTurn : false
   0   3   3   4   4   4   4   0
   0   3   3   0   1   5   0   2

move: 1 search depth: 0myTurn : true
   2   0   5   1   0   3   3   0
   0   0   5   5   5   4   3   0

move: 2 search depth: 0myTurn : true
   2   0   5   1   0   3   3   0
   0   4   0   5   5   4   4   0

move: 4 search depth: 0myTurn : true
   2   0   5   1   0   3   4   0
   0   4   4   4   0   4   4   1

move: 5 search depth: 0myTurn : true
   2   0   5   1   0   3   4   0
   0   4   4   4   4   0   4   1

Free move heuristic: 0
**** Total heuristic : 0 *******

************ Examining move: 5 *******
move: 5 search depth: 2myTurn : true
   0   3   3   3   3   4   4   0
   0   3   3   3   0   0   5   2

move: 1 search depth: 1myTurn : false
   0   3   3   3   0   4   4   0
   0   0   4   4   0   0   5   6

move: 2 search depth: 0myTurn : true
   6   5   0   0   4   4   0   0
   0   4   0   1   4   4   4   0

move: 3 search depth: 0myTurn : true
   6   5   0   0   4   4   0   0
   0   4   4   0   3   3   3   0

move: 6 search depth: 0myTurn : true
   6   5   0   0   4   5   1   0
   0   4   4   0   3   3   0   1

move: 2 search depth: 1myTurn : false
   0   3   3   3   3   0   4   0
   0   3   0   4   1   0   5   7

move: 1 search depth: 0myTurn : true
   7   5   0   1   4   0   3   0
   0   0   1   4   4   4   3   0

move: 3 search depth: 0myTurn : true
   7   5   0   1   4   0   3   0
   0   4   0   0   4   4   4   0

move: 4 search depth: 0myTurn : true
   7   5   0   1   4   0   3   0
   0   4   0   3   0   4   4   1

move: 6 search depth: 0myTurn : true
   7   5   0   1   4   1   4   0
   0   4   0   3   3   3   0   1

move: 3 search depth: 1myTurn : false
   0   3   3   3   3   4   4   0
   0   3   3   0   1   1   6   2

move: 1 search depth: 0myTurn : true
   2   6   1   1   0   3   3   0
   0   0   5   4   4   4   3   0

move: 2 search depth: 0myTurn : true
   2   6   1   1   0   3   3   0
   0   4   0   4   4   4   4   0

move: 4 search depth: 0myTurn : true
   2   6   1   1   0   3   3   0
   0   4   4   3   0   4   4   1

move: 5 search depth: 0myTurn : true
   2   6   1   1   0   3   4   0
   0   4   4   3   3   0   4   1

move: 6 search depth: 0myTurn : true
   2   6   1   1   0   4   4   0
   0   4   4   3   3   3   0   1

move: 6 search depth: 1myTurn : false
   0   3   3   4   4   5   5   0
   0   3   3   3   0   0   0   3

move: 1 search depth: 0myTurn : true
   3   0   0   0   3   3   3   0
   0   0   6   5   5   4   4   0

move: 2 search depth: 0myTurn : true
   3   0   0   0   3   3   3   0
   0   5   0   5   5   4   4   1

move: 3 search depth: 0myTurn : true
   3   0   0   0   3   3   3   0
   0   5   5   0   5   4   4   1

Free move heuristic: 0
**** Total heuristic : 0 *******

************ Examining move: 6 *******
move: 6 search depth: 2myTurn : true
   0   3   3   3   4   4   4   0
   0   3   3   3   0   4   0   2

move: 1 search depth: 1myTurn : false
   0   3   3   3   0   4   4   0
   0   0   4   4   0   4   0   7

move: 2 search depth: 0myTurn : true
   7   0   4   0   4   4   0   0
   0   4   0   1   4   4   4   0

move: 3 search depth: 0myTurn : true
   7   0   4   0   4   4   0   0
   0   4   4   0   3   3   3   0

move: 5 search depth: 0myTurn : true
   7   0   4   0   4   4   1   0
   0   4   4   0   3   0   4   1

move: 2 search depth: 1myTurn : false
   0   3   3   3   4   4   4   0
   0   3   0   4   1   5   0   2

move: 1 search depth: 0myTurn : true
   2   0   5   1   4   0   3   0
   0   0   5   5   4   4   3   0

move: 3 search depth: 0myTurn : true
   2   0   5   1   4   0   3   0
   0   4   4   0   4   4   4   1

move: 4 search depth: 0myTurn : true
   2   0   5   1   4   0   3   0
   0   4   4   4   0   4   4   1

move: 5 search depth: 0myTurn : true
   2   0   5   1   4   0   4   0
   0   4   4   4   3   0   4   1

move: 3 search depth: 1myTurn : false
   0   3   3   3   4   4   0   0
   0   3   3   0   1   5   0   7

move: 1 search depth: 0myTurn : true
   7   0   5   1   0   3   3   0
   0   0   4   4   3   3   3   0

move: 2 search depth: 0myTurn : true
   7   0   5   1   0   3   3   0
   0   0   0   5   4   4   4   0

move: 4 search depth: 0myTurn : true
   7   0   5   1   0   3   3   0
   0   0   4   4   0   4   4   1

move: 5 search depth: 0myTurn : true
   7   0   5   1   0   3   4   0
   0   0   4   4   3   0   4   1

move: 5 search depth: 1myTurn : false
   0   3   3   3   4   5   5   0
   0   3   3   3   0   0   1   3

move: 1 search depth: 0myTurn : true
   3   1   0   0   3   3   3   0
   0   0   6   5   4   4   4   0

move: 2 search depth: 0myTurn : true
   3   1   0   0   3   3   3   0
   0   5   0   5   4   4   4   1

move: 3 search depth: 0myTurn : true
   3   1   0   0   3   3   3   0
   0   5   5   0   4   4   4   1

move: 6 search depth: 0myTurn : true
   3   1   0   0   3   4   4   0
   0   5   5   4   3   3   0   1

Free move heuristic: 0
**** Total heuristic : 0 *******
You moved: 6
Board before:
   0   3   3   3   3   3   3   0
   0   3   3   3   0   4   4   1

Playing move: 6
   0   3   3   3   4   4   4   0
   0   3   3   3   0   4   0   2

You moved: 6
Opponent moved: 6
Algorithm4 player 1
